



{ name: 'param', value: 'value' }
{ name: 'RootElement',
  attributes: { param: 'value' },
  isSelfClosing: false }

    
{ name: 'FirstElement', attributes: {}, isSelfClosing: false }

        Some Text
    

    

    

    

    

    

    

    
{ name: 'param2', value: 'something' }
{ name: 'SecondElement',
  attributes: { param2: 'something' },
  isSelfClosing: false }

        Pre-Text & 
{ name: 'Inline', attributes: {}, isSelfClosing: false }
Inlined text
 Post-text.
        
    

    
{ name: 'FirstElement', attributes: {}, isSelfClosing: false }

        Some Text
    

    

    

    

    

    

    

    
{ name: 'param2', value: 'something' }
{ name: 'SecondElement',
  attributes: { param2: 'something' },
  isSelfClosing: false }

        Pre-Text & 
{ name: 'Inline', attributes: {}, isSelfClosing: false }
Inlined text
 Post-text.
        
    

    
{ name: 'FirstElement', attributes: {}, isSelfClosing: false }

        Some Text
    

    

    

    

    

    

    

    
{ name: 'param2', value: 'something' }
{ name: 'SecondElement',
  attributes: { param2: 'something' },
  isSelfClosing: false }

        Pre-Text & 
{ name: 'Inline', attributes: {}, isSelfClosing: false }
Inlined text
 Post-text.
        
    

    
{ name: 'FirstElement', attributes: {}, isSelfClosing: false }

        Some Text
    

    

    

    

    

    

    

    
{ name: 'param2', value: 'something' }
{ name: 'SecondElement',
  attributes: { param2: 'something' },
  isSelfClosing: false }

        Pre-Text & 
{ name: 'Inline', attributes: {}, isSelfClosing: false }
Inlined text
 Post-text.
        
    

    
{ name: 'FirstElement', attributes: {}, isSelfClosing: false }

        Some Text
    

    

    

    

    

    

    

    
{ name: 'param2', value: 'something' }
{ name: 'SecondElement',
  attributes: { param2: 'something' },
  isSelfClosing: false }

        Pre-Text & 
{ name: 'Inline', attributes: {}, isSelfClosing: false }
Inlined text
 Post-text.
        
    

    
{ name: 'FirstElement', attributes: {}, isSelfClosing: false }

        Some Text
    

    

    

    

    

    

    

    
{ name: 'param2', value: 'something' }
{ name: 'SecondElement',
  attributes: { param2: 'something' },
  isSelfClosing: false }

        Pre-Text & 
{ name: 'Inline', attributes: {}, isSelfClosing: false }
Inlined text
 Post-text.
        
    

    
{ name: 'FirstElement', attributes: {}, isSelfClosing: false }

        Some Text
    

    

    

    

    

    

    

    
{ name: 'param2', value: 'something' }
{ name: 'SecondElement',
  attributes: { param2: 'something' },
  isSelfClosing: false }

        Pre-Text & 
{ name: 'Inline', attributes: {}, isSelfClosing: false }
Inlined text
 Post-text.
        
    

    
{ name: 'FirstElement', attributes: {}, isSelfClosing: false }

        Some Text
    

    

    

    

    

    

    

    
{ name: 'param2', value: 'something' }
{ name: 'SecondElement',
  attributes: { param2: 'something' },
  isSelfClosing: false }

        Pre-Text & 
{ name: 'Inline', attributes: {}, isSelfClosing: false }
Inlined text
 Post-text.
        
    

    
{ name: 'FirstElement', attributes: {}, isSelfClosing: false }

        Some Text
    

    

    

    

    

    

    

    
{ name: 'param2', value: 'something' }
{ name: 'SecondElement',
  attributes: { param2: 'something' },
  isSelfClosing: false }

        Pre-Text & 
{ name: 'Inline', attributes: {}, isSelfClosing: false }
Inlined text
 Post-text.
        
    

    
{ name: 'FirstElement', attributes: {}, isSelfClosing: false }

        Some Text
    

    

    

    

    

    

    

    
{ name: 'param2', value: 'something' }
{ name: 'SecondElement',
  attributes: { param2: 'something' },
  isSelfClosing: false }

        Pre-Text & 
{ name: 'Inline', attributes: {}, isSelfClosing: false }
Inlined text
 Post-text.
        
    

    
{ name: 'FirstElement', attributes: {}, isSelfClosing: false }

        Some Text
    

    

    

    

    

    

    

    
{ name: 'param2', value: 'something' }
{ name: 'SecondElement',
  attributes: { param2: 'something' },
  isSelfClosing: false }

        Pre-Text & 
{ name: 'Inline', attributes: {}, isSelfClosing: false }
Inlined text
 Post-text.
        
    

    
{ name: 'FirstElement', attributes: {}, isSelfClosing: false }

        Some Text
    

    

    

    

    

    

    

    
{ name: 'param2', value: 'something' }
{ name: 'SecondElement',
  attributes: { param2: 'something' },
  isSelfClosing: false }

        Pre-Text & 
{ name: 'Inline', attributes: {}, isSelfClosing: false }
Inlined text
 Post-text.
        
    

    
{ name: 'FirstElement', attributes: {}, isSelfClosing: false }

        Some Text
    

    

    

    

    

    

    

    
{ name: 'param2', value: 'something' }
{ name: 'SecondElement',
  attributes: { param2: 'something' },
  isSelfClosing: false }

        Pre-Text & 
{ name: 'Inline', attributes: {}, isSelfClosing: false }
Inlined text
 Post-text.
        
    

    
{ name: 'FirstElement', attributes: {}, isSelfClosing: false }

        Some Text
    

    

    

    

    

    

    

    
{ name: 'param2', value: 'something' }
{ name: 'SecondElement',
  attributes: { param2: 'something' },
  isSelfClosing: false }

        Pre-Text & 
{ name: 'Inline', attributes: {}, isSelfClosing: false }
Inlined text
 Post-text.
        
    

    
{ name: 'FirstElement', attributes: {}, isSelfClosing: false }

        Some Text
    

    

    

    

    

    

    

    
{ name: 'param2', value: 'something' }
{ name: 'SecondElement',
  attributes: { param2: 'something' },
  isSelfClosing: false }

        Pre-Text & 
{ name: 'Inline', attributes: {}, isSelfClosing: false }
Inlined text
 Post-text.
        
    

    
{ name: 'FirstElement', attributes: {}, isSelfClosing: false }

        Some Text
    

    

    

    

    

    

    

    
{ name: 'param2', value: 'something' }
{ name: 'SecondElement',
  attributes: { param2: 'something' },
  isSelfClosing: false }

        Pre-Text & 
{ name: 'Inline', attributes: {}, isSelfClosing: false }
Inlined text
 Post-text.
        
    

    
{ name: 'FirstElement', attributes: {}, isSelfClosing: false }

        Some Text
    

    

    

    

    

    

    

    
{ name: 'param2', value: 'something' }
{ name: 'SecondElement',
  attributes: { param2: 'something' },
  isSelfClosing: false }

        Pre-Text & 
{ name: 'Inline', attributes: {}, isSelfClosing: false }
Inlined text
 Post-text.
        
    

    
{ name: 'FirstElement', attributes: {}, isSelfClosing: false }

        Some Text
    

    

    

    

    

    

    

    
{ name: 'param2', value: 'something' }
{ name: 'SecondElement',
  attributes: { param2: 'something' },
  isSelfClosing: false }

        Pre-Text & 
{ name: 'Inline', attributes: {}, isSelfClosing: false }
Inlined text
 Post-text.
        
    

    
{ name: 'FirstElement', attributes: {}, isSelfClosing: false }

        Some Text
    

    

    

    

    

    

    

    
{ name: 'param2', value: 'something' }
{ name: 'SecondElement',
  attributes: { param2: 'something' },
  isSelfClosing: false }

        Pre-Text & 
{ name: 'Inline', attributes: {}, isSelfClosing: false }
Inlined text
 Post-text.
        
    

    
{ name: 'FirstElement', attributes: {}, isSelfClosing: false }

        Some Text
    

    

    

    

    

    

    

    
{ name: 'param2', value: 'something' }
{ name: 'SecondElement',
  attributes: { param2: 'something' },
  isSelfClosing: false }

        Pre-Text & 
{ name: 'Inline', attributes: {}, isSelfClosing: false }
Inlined text
 Post-text.
        
    

    
{ name: 'FirstElement', attributes: {}, isSelfClosing: false }

        Some Text
    

    

    

    

    

    

    

    
{ name: 'param2', value: 'something' }
{ name: 'SecondElement',
  attributes: { param2: 'something' },
  isSelfClosing: false }

        Pre-Text & 
{ name: 'Inline', attributes: {}, isSelfClosing: false }
Inlined text
 Post-text.
        
    

    
{ name: 'FirstElement', attributes: {}, isSelfClosing: false }

        Some Text
    

    

    

    

    

    

    

    
{ name: 'param2', value: 'something' }
{ name: 'SecondElement',
  attributes: { param2: 'something' },
  isSelfClosing: false }

        Pre-Text & 
{ name: 'Inline', attributes: {}, isSelfClosing: false }
Inlined text
 Post-text.
        
    

    
{ name: 'FirstElement', attributes: {}, isSelfClosing: false }

        Some Text
    

    

    

    

    

    

    

    
{ name: 'param2', value: 'something' }
{ name: 'SecondElement',
  attributes: { param2: 'something' },
  isSelfClosing: false }

        Pre-Text & 
{ name: 'Inline', attributes: {}, isSelfClosing: false }
Inlined text
 Post-text.
        
    

    
{ name: 'FirstElement', attributes: {}, isSelfClosing: false }

        Some Text
    

    

    

    

    

    

    

    
{ name: 'param2', value: 'something' }
{ name: 'SecondElement',
  attributes: { param2: 'something' },
  isSelfClosing: false }

        Pre-Text & 
{ name: 'Inline', attributes: {}, isSelfClosing: false }
Inlined text
 Post-text.
        
    

    
{ name: 'FirstElement', attributes: {}, isSelfClosing: false }

        Some Text
    

    

    

    

    

    

    

    
{ name: 'param2', value: 'something' }
{ name: 'SecondElement',
  attributes: { param2: 'something' },
  isSelfClosing: false }

        Pre-Text & 
{ name: 'Inline', attributes: {}, isSelfClosing: false }
Inlined text
 Post-text.
        
    

    
{ name: 'FirstElement', attributes: {}, isSelfClosing: false }

        Some Text
    

    

    

    

    

    

    

    
{ name: 'param2', value: 'something' }
{ name: 'SecondElement',
  attributes: { param2: 'something' },
  isSelfClosing: false }

        Pre-Text & 
{ name: 'Inline', attributes: {}, isSelfClosing: false }
Inlined text
 Post-text.
        
    

    
{ name: 'FirstElement', attributes: {}, isSelfClosing: false }

        Some Text
    

    

    

    

    

    

    

    
{ name: 'param2', value: 'something' }
{ name: 'SecondElement',
  attributes: { param2: 'something' },
  isSelfClosing: false }

        Pre-Text & 
{ name: 'Inline', attributes: {}, isSelfClosing: false }
Inlined text
 Post-text.
        
    

    
{ name: 'FirstElement', attributes: {}, isSelfClosing: false }

        Some Text
    

    

    

    

    

    

    

    
{ name: 'param2', value: 'something' }
{ name: 'SecondElement',
  attributes: { param2: 'something' },
  isSelfClosing: false }

        Pre-Text & 
{ name: 'Inline', attributes: {}, isSelfClosing: false }
Inlined text
 Post-text.
        
    

    
{ name: 'FirstElement', attributes: {}, isSelfClosing: false }

        Some Text
    

    

    

    

    

    

    

    
{ name: 'param2', value: 'something' }
{ name: 'SecondElement',
  attributes: { param2: 'something' },
  isSelfClosing: false }

        Pre-Text & 
{ name: 'Inline', attributes: {}, isSelfClosing: false }
Inlined text
 Post-text.
        
    

    
{ name: 'FirstElement', attributes: {}, isSelfClosing: false }

        Some Text
    

    

    

    

    

    

    

    
{ name: 'param2', value: 'something' }
{ name: 'SecondElement',
  attributes: { param2: 'something' },
  isSelfClosing: false }

        Pre-Text & 
{ name: 'Inline', attributes: {}, isSelfClosing: false }
Inlined text
 Post-text.
        
    

    
{ name: 'FirstElement', attributes: {}, isSelfClosing: false }

        Some Text
    

    

    

    

    

    

    

    
{ name: 'param2', value: 'something' }
{ name: 'SecondElement',
  attributes: { param2: 'something' },
  isSelfClosing: false }

        Pre-Text & 
{ name: 'Inline', attributes: {}, isSelfClosing: false }
Inlined text
 Post-text.
        
    

    
{ name: 'FirstElement', attributes: {}, isSelfClosing: false }

        Some Text
    

    

    

    

    

    

    

    
{ name: 'param2', value: 'something' }
{ name: 'SecondElement',
  attributes: { param2: 'something' },
  isSelfClosing: false }

        Pre-Text & 
{ name: 'Inline', attributes: {}, isSelfClosing: false }
Inlined text
 Post-text.
        
    

    
{ name: 'FirstElement', attributes: {}, isSelfClosing: false }

        Some Text
    

    

    

    

    

    

    

    
{ name: 'param2', value: 'something' }
{ name: 'SecondElement',
  attributes: { param2: 'something' },
  isSelfClosing: false }

        Pre-Text & 
{ name: 'Inline', attributes: {}, isSelfClosing: false }
Inlined text
 Post-text.
        
    

    
{ name: 'FirstElement', attributes: {}, isSelfClosing: false }

        Some Text
    

    

    

    

    

    

    

    
{ name: 'param2', value: 'something' }
{ name: 'SecondElement',
  attributes: { param2: 'something' },
  isSelfClosing: false }

        Pre-Text & 
{ name: 'Inline', attributes: {}, isSelfClosing: false }
Inlined text
 Post-text.
        
    

    
{ name: 'FirstElement', attributes: {}, isSelfClosing: false }

        Some Text
    

    

    

    

    

    

    

    
{ name: 'param2', value: 'something' }
{ name: 'SecondElement',
  attributes: { param2: 'something' },
  isSelfClosing: false }

        Pre-Text & 
{ name: 'Inline', attributes: {}, isSelfClosing: false }
Inlined text
 Post-text.
        
    

    
{ name: 'FirstElement', attributes: {}, isSelfClosing: false }

        Some Text
    

    

    

    

    

    

    

    
{ name: 'param2', value: 'something' }
{ name: 'SecondElement',
  attributes: { param2: 'something' },
  isSelfClosing: false }

        Pre-Text & 
{ name: 'Inline', attributes: {}, isSelfClosing: false }
Inlined text
 Post-text.
        
    

    
{ name: 'FirstElement', attributes: {}, isSelfClosing: false }

        Some Text
    

    

    

    

    

    

    

    
{ name: 'param2', value: 'something' }
{ name: 'SecondElement',
  attributes: { param2: 'something' },
  isSelfClosing: false }

        Pre-Text & 
{ name: 'Inline', attributes: {}, isSelfClosing: false }
Inlined text
 Post-text.
        
    

    
{ name: 'FirstElement', attributes: {}, isSelfClosing: false }

        Some Text
    

    

    

    

    

    

    

    
{ name: 'param2', value: 'something' }
{ name: 'SecondElement',
  attributes: { param2: 'something' },
  isSelfClosing: false }

        Pre-Text & 
{ name: 'Inline', attributes: {}, isSelfClosing: false }
Inlined text
 Post-text.
        
    

    
{ name: 'FirstElement', attributes: {}, isSelfClosing: false }

        Some Text
    

    

    

    

    

    

    

    
{ name: 'param2', value: 'something' }
{ name: 'SecondElement',
  attributes: { param2: 'something' },
  isSelfClosing: false }

        Pre-Text & 
{ name: 'Inline', attributes: {}, isSelfClosing: false }
Inlined text
 Post-text.
        
    

    
{ name: 'FirstElement', attributes: {}, isSelfClosing: false }

        Some Text
    

    

    

    

    

    

    

    
{ name: 'param2', value: 'something' }
{ name: 'SecondElement',
  attributes: { param2: 'something' },
  isSelfClosing: false }

        Pre-Text & 
{ name: 'Inline', attributes: {}, isSelfClosing: false }
Inlined text
 Post-text.
        
    

    
{ name: 'FirstElement', attributes: {}, isSelfClosing: false }

        Some Text
    

    

    

    

    

    

    

    
{ name: 'param2', value: 'something' }
{ name: 'SecondElement',
  attributes: { param2: 'something' },
  isSelfClosing: false }

        Pre-Text & 
{ name: 'Inline', attributes: {}, isSelfClosing: false }
Inlined text
 Post-text.
        
    

    
{ name: 'FirstElement', attributes: {}, isSelfClosing: false }

        Some Text
    

    

    

    

    

    

    

    
{ name: 'param2', value: 'something' }
{ name: 'SecondElement',
  attributes: { param2: 'something' },
  isSelfClosing: false }

        Pre-Text & 
{ name: 'Inline', attributes: {}, isSelfClosing: false }
Inlined text
 Post-text.
        
    

    
{ name: 'FirstElement', attributes: {}, isSelfClosing: false }

        Some Text
    

    

    

    

    

    

    

    
{ name: 'param2', value: 'something' }
{ name: 'SecondElement',
  attributes: { param2: 'something' },
  isSelfClosing: false }

        Pre-Text & 
{ name: 'Inline', attributes: {}, isSelfClosing: false }
Inlined text
 Post-text.
        
    

    
{ name: 'FirstElement', attributes: {}, isSelfClosing: false }

        Some Text
    

    

    

    

    

    

    

    
{ name: 'param2', value: 'something' }
{ name: 'SecondElement',
  attributes: { param2: 'something' },
  isSelfClosing: false }

        Pre-Text & 
{ name: 'Inline', attributes: {}, isSelfClosing: false }
Inlined text
 Post-text.
        
    

    
{ name: 'FirstElement', attributes: {}, isSelfClosing: false }

        Some Text
    

    

    

    

    

    

    

    
{ name: 'param2', value: 'something' }
{ name: 'SecondElement',
  attributes: { param2: 'something' },
  isSelfClosing: false }

        Pre-Text & 
{ name: 'Inline', attributes: {}, isSelfClosing: false }
Inlined text
 Post-text.
        
    

    
{ name: 'FirstElement', attributes: {}, isSelfClosing: false }

        Some Text
    

    

    

    

    

    

    

    
{ name: 'param2', value: 'something' }
{ name: 'SecondElement',
  attributes: { param2: 'something' },
  isSelfClosing: false }

        Pre-Text & 
{ name: 'Inline', attributes: {}, isSelfClosing: false }
Inlined text
 Post-text.
        
    

    
{ name: 'FirstElement', attributes: {}, isSelfClosing: false }

        Some Text
    

    

    

    

    

    

    

    
{ name: 'param2', value: 'something' }
{ name: 'SecondElement',
  attributes: { param2: 'something' },
  isSelfClosing: false }

        Pre-Text & 
{ name: 'Inline', attributes: {}, isSelfClosing: false }
Inlined text
 Post-text.
        
    

    
{ name: 'FirstElement', attributes: {}, isSelfClosing: false }

        Some Text
    

    

    

    

    

    

    

    
{ name: 'param2', value: 'something' }
{ name: 'SecondElement',
  attributes: { param2: 'something' },
  isSelfClosing: false }

        Pre-Text & 
{ name: 'Inline', attributes: {}, isSelfClosing: false }
Inlined text
 Post-text.
        
    

    
{ name: 'FirstElement', attributes: {}, isSelfClosing: false }

        Some Text
    

    

    

    

    

    

    

    
{ name: 'param2', value: 'something' }
{ name: 'SecondElement',
  attributes: { param2: 'something' },
  isSelfClosing: false }

        Pre-Text & 
{ name: 'Inline', attributes: {}, isSelfClosing: false }
Inlined text
 Post-text.
        
    

    
{ name: 'FirstElement', attributes: {}, isSelfClosing: false }

        Some Text
    

    

    

    

    

    

    

    
{ name: 'param2', value: 'something' }
{ name: 'SecondElement',
  attributes: { param2: 'something' },
  isSelfClosing: false }

        Pre-Text & 
{ name: 'Inline', attributes: {}, isSelfClosing: false }
Inlined text
 Post-text.
        
    

    
{ name: 'FirstElement', attributes: {}, isSelfClosing: false }

        Some Text
    

    

    

    

    

    

    

    
{ name: 'param2', value: 'something' }
{ name: 'SecondElement',
  attributes: { param2: 'something' },
  isSelfClosing: false }

        Pre-Text & 
{ name: 'Inline', attributes: {}, isSelfClosing: false }
Inlined text
 Post-text.
        
    

    
{ name: 'FirstElement', attributes: {}, isSelfClosing: false }

        Some Text
    

    

    

    

    

    

    

    
{ name: 'param2', value: 'something' }
{ name: 'SecondElement',
  attributes: { param2: 'something' },
  isSelfClosing: false }

        Pre-Text & 
{ name: 'Inline', attributes: {}, isSelfClosing: false }
Inlined text
 Post-text.
        
    

    
{ name: 'FirstElement', attributes: {}, isSelfClosing: false }

        Some Text
    

    

    

    

    

    

    

    
{ name: 'param2', value: 'something' }
{ name: 'SecondElement',
  attributes: { param2: 'something' },
  isSelfClosing: false }

        Pre-Text & 
{ name: 'Inline', attributes: {}, isSelfClosing: false }
Inlined text
 Post-text.
        
    

    
{ name: 'FirstElement', attributes: {}, isSelfClosing: false }

        Some Text
    

    

    

    

    

    

    

    
{ name: 'param2', value: 'something' }
{ name: 'SecondElement',
  attributes: { param2: 'something' },
  isSelfClosing: false }

        Pre-Text & 
{ name: 'Inline', attributes: {}, isSelfClosing: false }
Inlined text
 Post-text.
        
    

    
{ name: 'FirstElement', attributes: {}, isSelfClosing: false }

        Some Text
    

    

    

    

    

    

    

    
{ name: 'param2', value: 'something' }
{ name: 'SecondElement',
  attributes: { param2: 'something' },
  isSelfClosing: false }

        Pre-Text & 
{ name: 'Inline', attributes: {}, isSelfClosing: false }
Inlined text
 Post-text.
        
    

    
{ name: 'FirstElement', attributes: {}, isSelfClosing: false }

        Some Text
    

    

    

    

    

    

    

    
{ name: 'param2', value: 'something' }
{ name: 'SecondElement',
  attributes: { param2: 'something' },
  isSelfClosing: false }

        Pre-Text & 
{ name: 'Inline', attributes: {}, isSelfClosing: false }
Inlined text
 Post-text.
        
    

    
{ name: 'FirstElement', attributes: {}, isSelfClosing: false }

        Some Text
    

    

    

    

    

    

    

    
{ name: 'param2', value: 'something' }
{ name: 'SecondElement',
  attributes: { param2: 'something' },
  isSelfClosing: false }

        Pre-Text & 
{ name: 'Inline', attributes: {}, isSelfClosing: false }
Inlined text
 Post-text.
        
    

    
{ name: 'FirstElement', attributes: {}, isSelfClosing: false }

        Some Text
    

    

    

    

    

    

    

    
{ name: 'param2', value: 'something' }
{ name: 'SecondElement',
  attributes: { param2: 'something' },
  isSelfClosing: false }

        Pre-Text & 
{ name: 'Inline', attributes: {}, isSelfClosing: false }
Inlined text
 Post-text.
        
    

    
{ name: 'FirstElement', attributes: {}, isSelfClosing: false }

        Some Text
    

    

    

    

    

    

    

    
{ name: 'param2', value: 'something' }
{ name: 'SecondElement',
  attributes: { param2: 'something' },
  isSelfClosing: false }

        Pre-Text & 
{ name: 'Inline', attributes: {}, isSelfClosing: false }
Inlined text
 Post-text.
        
    

    
{ name: 'FirstElement', attributes: {}, isSelfClosing: false }

        Some Text
    

    

    

    

    

    

    

    
{ name: 'param2', value: 'something' }
{ name: 'SecondElement',
  attributes: { param2: 'something' },
  isSelfClosing: false }

        Pre-Text & 
{ name: 'Inline', attributes: {}, isSelfClosing: false }
Inlined text
 Post-text.
        
    

    
{ name: 'FirstElement', attributes: {}, isSelfClosing: false }

        Some Text
    

    

    

    

    

    

    

    
{ name: 'param2', value: 'something' }
{ name: 'SecondElement',
  attributes: { param2: 'something' },
  isSelfClosing: false }

        Pre-Text & 
{ name: 'Inline', attributes: {}, isSelfClosing: false }
Inlined text
 Post-text.
        
    

    
{ name: 'FirstElement', attributes: {}, isSelfClosing: false }

        Some Text
    

    

    

    

    

    

    

    
{ name: 'param2', value: 'something' }
{ name: 'SecondElement',
  attributes: { param2: 'something' },
  isSelfClosing: false }

        Pre-Text & 
{ name: 'Inline', attributes: {}, isSelfClosing: false }
Inlined text
 Post-text.
        
    

    
{ name: 'FirstElement', attributes: {}, isSelfClosing: false }

        Some Text
    

    

    

    

    

    

    

    
{ name: 'param2', value: 'something' }
{ name: 'SecondElement',
  attributes: { param2: 'something' },
  isSelfClosing: false }

        Pre-Text & 
{ name: 'Inline', attributes: {}, isSelfClosing: false }
Inlined text
 Post-text.
        
    

    
{ name: 'FirstElement', attributes: {}, isSelfClosing: false }

        Some Text
    

    

    

    

    

    

    

    
{ name: 'param2', value: 'something' }
{ name: 'SecondElement',
  attributes: { param2: 'something' },
  isSelfClosing: false }

        Pre-Text & 
{ name: 'Inline', attributes: {}, isSelfClosing: false }
Inlined text
 Post-text.
        
    

    
{ name: 'FirstElement', attributes: {}, isSelfClosing: false }

        Some Text
    

    

    

    

    

    

    

    
{ name: 'param2', value: 'something' }
{ name: 'SecondElement',
  attributes: { param2: 'something' },
  isSelfClosing: false }

        Pre-Text & 
{ name: 'Inline', attributes: {}, isSelfClosing: false }
Inlined text
 Post-text.
        
    

    
{ name: 'FirstElement', attributes: {}, isSelfClosing: false }

        Some Text
    

    

    

    

    

    

    

    
{ name: 'param2', value: 'something' }
{ name: 'SecondElement',
  attributes: { param2: 'something' },
  isSelfClosing: false }

        Pre-Text & 
{ name: 'Inline', attributes: {}, isSelfClosing: false }
Inlined text
 Post-text.
        
    

    
{ name: 'FirstElement', attributes: {}, isSelfClosing: false }

        Some Text
    

    

    

    

    

    

    

    
{ name: 'param2', value: 'something' }
{ name: 'SecondElement',
  attributes: { param2: 'something' },
  isSelfClosing: false }

        Pre-Text & 
{ name: 'Inline', attributes: {}, isSelfClosing: false }
Inlined text
 Post-text.
        
    

    
{ name: 'FirstElement', attributes: {}, isSelfClosing: false }

        Some Text
    

    

    

    

    

    

    

    
{ name: 'param2', value: 'something' }
{ name: 'SecondElement',
  attributes: { param2: 'something' },
  isSelfClosing: false }

        Pre-Text & 
{ name: 'Inline', attributes: {}, isSelfClosing: false }
Inlined text
 Post-text.
        
    

    
{ name: 'FirstElement', attributes: {}, isSelfClosing: false }

        Some Text
    

    

    

    

    

    

    

    
{ name: 'param2', value: 'something' }
{ name: 'SecondElement',
  attributes: { param2: 'something' },
  isSelfClosing: false }

        Pre-Text & 
{ name: 'Inline', attributes: {}, isSelfClosing: false }
Inlined text
 Post-text.
        
    

    
{ name: 'FirstElement', attributes: {}, isSelfClosing: false }

        Some Text
    

    

    

    

    

    

    

    
{ name: 'param2', value: 'something' }
{ name: 'SecondElement',
  attributes: { param2: 'something' },
  isSelfClosing: false }

        Pre-Text & 
{ name: 'Inline', attributes: {}, isSelfClosing: false }
Inlined text
 Post-text.
        
    

    
{ name: 'FirstElement', attributes: {}, isSelfClosing: false }

        Some Text
    

    

    

    

    

    

    

    
{ name: 'param2', value: 'something' }
{ name: 'SecondElement',
  attributes: { param2: 'something' },
  isSelfClosing: false }

        Pre-Text & 
{ name: 'Inline', attributes: {}, isSelfClosing: false }
Inlined text
 Post-text.
        
    

    
{ name: 'FirstElement', attributes: {}, isSelfClosing: false }

        Some Text
    

    

    

    

    

    

    

    
{ name: 'param2', value: 'something' }
{ name: 'SecondElement',
  attributes: { param2: 'something' },
  isSelfClosing: false }

        Pre-Text & 
{ name: 'Inline', attributes: {}, isSelfClosing: false }
Inlined text
 Post-text.
        
    

    
{ name: 'FirstElement', attributes: {}, isSelfClosing: false }

        Some Text
    

    

    

    

    

    

    

    
{ name: 'param2', value: 'something' }
{ name: 'SecondElement',
  attributes: { param2: 'something' },
  isSelfClosing: false }

        Pre-Text & 
{ name: 'Inline', attributes: {}, isSelfClosing: false }
Inlined text
 Post-text.
        
    

    
{ name: 'FirstElement', attributes: {}, isSelfClosing: false }

        Some Text
    

    

    

    

    

    

    

    
{ name: 'param2', value: 'something' }
{ name: 'SecondElement',
  attributes: { param2: 'something' },
  isSelfClosing: false }

        Pre-Text & 
{ name: 'Inline', attributes: {}, isSelfClosing: false }
Inlined text
 Post-text.
        
    

    
{ name: 'FirstElement', attributes: {}, isSelfClosing: false }

        Some Text
    

    

    

    

    

    

    

    
{ name: 'param2', value: 'something' }
{ name: 'SecondElement',
  attributes: { param2: 'something' },
  isSelfClosing: false }

        Pre-Text & 
{ name: 'Inline', attributes: {}, isSelfClosing: false }
Inlined text
 Post-text.
        
    

    
{ name: 'FirstElement', attributes: {}, isSelfClosing: false }

        Some Text
    

    

    

    

    

    

    

    
{ name: 'param2', value: 'something' }
{ name: 'SecondElement',
  attributes: { param2: 'something' },
  isSelfClosing: false }

        Pre-Text & 
{ name: 'Inline', attributes: {}, isSelfClosing: false }
Inlined text
 Post-text.
        
    

    
{ name: 'FirstElement', attributes: {}, isSelfClosing: false }

        Some Text
    

    

    

    

    

    

    

    
{ name: 'param2', value: 'something' }
{ name: 'SecondElement',
  attributes: { param2: 'something' },
  isSelfClosing: false }

        Pre-Text & 
{ name: 'Inline', attributes: {}, isSelfClosing: false }
Inlined text
 Post-text.
        
    

    
{ name: 'FirstElement', attributes: {}, isSelfClosing: false }

        Some Text
    

    

    

    

    

    

    

    
{ name: 'param2', value: 'something' }
{ name: 'SecondElement',
  attributes: { param2: 'something' },
  isSelfClosing: false }

        Pre-Text & 
{ name: 'Inline', attributes: {}, isSelfClosing: false }
Inlined text
 Post-text.
        
    

    
{ name: 'FirstElement', attributes: {}, isSelfClosing: false }

        Some Text
    

    

    

    

    

    

    

    
{ name: 'param2', value: 'something' }
{ name: 'SecondElement',
  attributes: { param2: 'something' },
  isSelfClosing: false }

        Pre-Text & 
{ name: 'Inline', attributes: {}, isSelfClosing: false }
Inlined text
 Post-text.
        
    

    
{ name: 'FirstElement', attributes: {}, isSelfClosing: false }

        Some Text
    

    

    

    

    

    

    

    
{ name: 'param2', value: 'something' }
{ name: 'SecondElement',
  attributes: { param2: 'something' },
  isSelfClosing: false }

        Pre-Text & 
{ name: 'Inline', attributes: {}, isSelfClosing: false }
Inlined text
 Post-text.
        
    

    
{ name: 'FirstElement', attributes: {}, isSelfClosing: false }

        Some Text
    

    

    

    

    

    

    

    
{ name: 'param2', value: 'something' }
{ name: 'SecondElement',
  attributes: { param2: 'something' },
  isSelfClosing: false }

        Pre-Text & 
{ name: 'Inline', attributes: {}, isSelfClosing: false }
Inlined text
 Post-text.
        
    

    
{ name: 'FirstElement', attributes: {}, isSelfClosing: false }

        Some Text
    

    

    

    

    

    

    

    
{ name: 'param2', value: 'something' }
{ name: 'SecondElement',
  attributes: { param2: 'something' },
  isSelfClosing: false }

        Pre-Text & 
{ name: 'Inline', attributes: {}, isSelfClosing: false }
Inlined text
 Post-text.
        
    

    
{ name: 'FirstElement', attributes: {}, isSelfClosing: false }

        Some Text
    

    

    

    

    

    

    

    
{ name: 'param2', value: 'something' }
{ name: 'SecondElement',
  attributes: { param2: 'something' },
  isSelfClosing: false }

        Pre-Text & 
{ name: 'Inline', attributes: {}, isSelfClosing: false }
Inlined text
 Post-text.
        
    

    
{ name: 'FirstElement', attributes: {}, isSelfClosing: false }

        Some Text
    

    

    

    

    

    

    

    
{ name: 'param2', value: 'something' }
{ name: 'SecondElement',
  attributes: { param2: 'something' },
  isSelfClosing: false }

        Pre-Text & 
{ name: 'Inline', attributes: {}, isSelfClosing: false }
Inlined text
 Post-text.
        
    

    
{ name: 'FirstElement', attributes: {}, isSelfClosing: false }

        Some Text
    

    

    

    

    

    

    

    
{ name: 'param2', value: 'something' }
{ name: 'SecondElement',
  attributes: { param2: 'something' },
  isSelfClosing: false }

        Pre-Text & 
{ name: 'Inline', attributes: {}, isSelfClosing: false }
Inlined text
 Post-text.
        
    

    
{ name: 'FirstElement', attributes: {}, isSelfClosing: false }

        Some Text
    

    

    

    

    

    

    

    
{ name: 'param2', value: 'something' }
{ name: 'SecondElement',
  attributes: { param2: 'something' },
  isSelfClosing: false }

        Pre-Text & 
{ name: 'Inline', attributes: {}, isSelfClosing: false }
Inlined text
 Post-text.
        
    

    
{ name: 'FirstElement', attributes: {}, isSelfClosing: false }

        Some Text
    

    

    

    

    

    

    

    
{ name: 'param2', value: 'something' }
{ name: 'SecondElement',
  attributes: { param2: 'something' },
  isSelfClosing: false }

        Pre-Text & 
{ name: 'Inline', attributes: {}, isSelfClosing: false }
Inlined text
 Post-text.
        
    

    
{ name: 'FirstElement', attributes: {}, isSelfClosing: false }

        Some Text
    

    

    

    

    

    

    

    
{ name: 'param2', value: 'something' }
{ name: 'SecondElement',
  attributes: { param2: 'something' },
  isSelfClosing: false }

        Pre-Text & 
{ name: 'Inline', attributes: {}, isSelfClosing: false }
Inlined text
 Post-text.
        
    

    
{ name: 'FirstElement', attributes: {}, isSelfClosing: false }

        Some Text
    

    

    

    

    

    

    

    
{ name: 'param2', value: 'something' }
{ name: 'SecondElement',
  attributes: { param2: 'something' },
  isSelfClosing: false }

        Pre-Text & 
{ name: 'Inline', attributes: {}, isSelfClosing: false }
Inlined text
 Post-text.
        
    

    
{ name: 'FirstElement', attributes: {}, isSelfClosing: false }

        Some Text
    

    

    

    

    

    

    

    
{ name: 'param2', value: 'something' }
{ name: 'SecondElement',
  attributes: { param2: 'something' },
  isSelfClosing: false }

        Pre-Text & 
{ name: 'Inline', attributes: {}, isSelfClosing: false }
Inlined text
 Post-text.
        
    

    
{ name: 'FirstElement', attributes: {}, isSelfClosing: false }

        Some Text
    

    

    

    

    

    

    

    
{ name: 'param2', value: 'something' }
{ name: 'SecondElement',
  attributes: { param2: 'something' },
  isSelfClosing: false }

        Pre-Text & 
{ name: 'Inline', attributes: {}, isSelfClosing: false }
Inlined text
 Post-text.
        
    

    
{ name: 'FirstElement', attributes: {}, isSelfClosing: false }

        Some Text
    

    

    

    

    

    

    

    
{ name: 'param2', value: 'something' }
{ name: 'SecondElement',
  attributes: { param2: 'something' },
  isSelfClosing: false }

        Pre-Text & 
{ name: 'Inline', attributes: {}, isSelfClosing: false }
Inlined text
 Post-text.
        
    

    
{ name: 'FirstElement', attributes: {}, isSelfClosing: false }

        Some Text
    

    

    

    

    

    

    

    
{ name: 'param2', value: 'something' }
{ name: 'SecondElement',
  attributes: { param2: 'something' },
  isSelfClosing: false }

        Pre-Text & 
{ name: 'Inline', attributes: {}, isSelfClosing: false }
Inlined text
 Post-text.
        
    

    
{ name: 'FirstElement', attributes: {}, isSelfClosing: false }

        Some Text
    

    

    

    

    

    

    

    
{ name: 'param2', value: 'something' }
{ name: 'SecondElement',
  attributes: { param2: 'something' },
  isSelfClosing: false }

        Pre-Text & 
{ name: 'Inline', attributes: {}, isSelfClosing: false }
Inlined text
 Post-text.
        
    

    
{ name: 'FirstElement', attributes: {}, isSelfClosing: false }

        Some Text
    

    

    

    

    

    

    

    
{ name: 'param2', value: 'something' }
{ name: 'SecondElement',
  attributes: { param2: 'something' },
  isSelfClosing: false }

        Pre-Text & 
{ name: 'Inline', attributes: {}, isSelfClosing: false }
Inlined text
 Post-text.
        
    

    
{ name: 'FirstElement', attributes: {}, isSelfClosing: false }

        Some Text
    

    

    

    

    

    

    

    
{ name: 'param2', value: 'something' }
{ name: 'SecondElement',
  attributes: { param2: 'something' },
  isSelfClosing: false }

        Pre-Text & 
{ name: 'Inline', attributes: {}, isSelfClosing: false }
Inlined text
 Post-text.
        
    


